iMPACT Version: Jul  9 2012 20:33:10

iMPACT log file Started on Fri Nov 28 17:11:07 2014

Preference Table
Name                 Setting             
StartupClock         Auto_Correction     
AutoSignature        False               
KeepSVF              False               
ConcurrentMode       False               
UseHighz             False               
ConfigOnFailure      Stop                
UserLevel            Novice              
MessageLevel         Detailed            
svfUseTime           false               
SpiByteSwap          Auto_Correction     
AutoInfer            false               
SvfPlayDisplayComments false               
Enumerating cables. Please wait.
Connecting to cable (Usb Port - USB21).
Checking cable driver.
 Using libusb.
 Kernel release = 2.6.32-431.23.3.el6.x86_64.
=======================================================
Found cable - > ESN = 00001024278301.
=======================================================
Connecting to cable (Usb Port - USB22).
Checking cable driver.
 Using libusb.
 Kernel release = 2.6.32-431.23.3.el6.x86_64.
Connecting to cable (Usb Port - USB21).
Checking cable driver.
File version of/afs/ece.cmu.edu/support/xilinx/xilinx.release/14.2/ISE_DS/ISE/bin/lin64/xusbdfwu.hex = 1030.
File version of /usr/share/xusbdfwu.hex = 1030.
 Using libusb.
 Kernel release = 2.6.32-431.23.3.el6.x86_64.
 Max current requested during enumeration is 74 mA.
Type = 0x0004.
 Cable Type = 3, Revision = 0.
 Setting cable speed to 6 MHz.
Cable connection established.
Firmware version = 1303.
File version of/afs/ece.cmu.edu/support/xilinx/xilinx.release/14.2/ISE_DS/ISE/data/xusb_xlp.hex= 1303.
Firmware hex file version = 1303.
PLD file version = 0012h.
 PLD version = 0012h.
Type = 0x0004.
ESN option: 00001024278301.
INFO:iMPACT - Failed to open file: -- File ? --, replace with 'bypass'.
INFO:iMPACT:1777 - 
   Reading   /afs/ece.cmu.edu/support/xilinx/xilinx.release/14.2/ISE_DS/ISE/xcfp/data/xcf3   2p.bsd...
INFO:iMPACT:501 - '1': Added Device xcf32p successfully.
----------------------------------------------------------------------
----------------------------------------------------------------------
INFO:iMPACT:1835 - Loading CFI file -- File ? --.cfi
Revision information not found, proceed with device default setting.
INFO:iMPACT - Failed to open file: -- File ? --, replace with 'bypass'.
INFO:iMPACT:501 - '2': Added Device xcf32p successfully.
----------------------------------------------------------------------
----------------------------------------------------------------------
INFO:iMPACT:1835 - Loading CFI file -- File ? --.cfi
Revision information not found, proceed with device default setting.
INFO:iMPACT - Failed to open file: -- File ? --, replace with 'bypass'.
INFO:iMPACT:1777 - 
   Reading   /afs/ece.cmu.edu/support/xilinx/xilinx.release/14.2/ISE_DS/ISE/xc9500xl/data/   xc95144xl.bsd...
INFO:iMPACT:501 - '3': Added Device xc95144xl successfully.
----------------------------------------------------------------------
----------------------------------------------------------------------
INFO:iMPACT - Failed to open file: -- File ? --, replace with 'bypass'.
INFO:iMPACT:1777 - 
   Reading   /afs/ece.cmu.edu/support/xilinx/xilinx.release/14.2/ISE_DS/ISE/acecf/data/xcc   ace.bsd...
INFO:iMPACT:501 - '4': Added Device xccace successfully.
----------------------------------------------------------------------
----------------------------------------------------------------------
'5': Loading file'/afs/ece.cmu.edu/usr/pmbrown/Private/IBM/IBM_PC/pc/ibmpc/motherboard.bit' ...
done.
INFO:iMPACT:1777 - 
   Reading   /afs/ece.cmu.edu/support/xilinx/xilinx.release/14.2/ISE_DS/ISE/virtex5/data/x   c5vlx110t.bsd...
INFO:iMPACT:2257 - Startup Clock has been changed to 'JtagClk' in the bitstream   stored in memory,
   but the original bitstream file remains unchanged.
UserID read from the bitstream file = 0xFFFFFFFF.
INFO:iMPACT:501 - '5': Added Device xc5vlx110t successfully.
----------------------------------------------------------------------
----------------------------------------