\BOOKMARK [1][-]{section.1}{Full Design Specification}{}% 1
\BOOKMARK [2][-]{subsection.1.1}{Software / Hardware Partition}{section.1}% 2
\BOOKMARK [3][-]{subsubsection.1.1.1}{ROM and BIOS}{subsection.1.1}% 3
\BOOKMARK [3][-]{subsubsection.1.1.2}{Floppy Drive and Operating System}{subsection.1.1}% 4
\BOOKMARK [2][-]{subsection.1.2}{Interface Definitions}{section.1}% 5
\BOOKMARK [3][-]{subsubsection.1.2.1}{Control Bus}{subsection.1.2}% 6
\BOOKMARK [3][-]{subsubsection.1.2.2}{Address Bus}{subsection.1.2}% 7
\BOOKMARK [3][-]{subsubsection.1.2.3}{Data Bus}{subsection.1.2}% 8
\BOOKMARK [2][-]{subsection.1.3}{System Block Diagram}{section.1}% 9
\BOOKMARK [2][-]{subsection.1.4}{Subsystem Definitions}{section.1}% 10
\BOOKMARK [3][-]{subsubsection.1.4.1}{CPU \(Intel 8088\)}{subsection.1.4}% 11
\BOOKMARK [3][-]{subsubsection.1.4.2}{Floppy Drive}{subsection.1.4}% 12
\BOOKMARK [3][-]{subsubsection.1.4.3}{Direct Memory Access \(Intel 8237A\)}{subsection.1.4}% 13
\BOOKMARK [3][-]{subsubsection.1.4.4}{BIOS, RAM, and ROM}{subsection.1.4}% 14
\BOOKMARK [3][-]{subsubsection.1.4.5}{Keyboard and I/O Interface \(Intel 8255\)}{subsection.1.4}% 15
\BOOKMARK [3][-]{subsubsection.1.4.6}{Programmable Interval Timer \(Intel 8253\)}{subsection.1.4}% 16
\BOOKMARK [3][-]{subsubsection.1.4.7}{Video \(VGA\)}{subsection.1.4}% 17
\BOOKMARK [3][-]{subsubsection.1.4.8}{Speaker \(Piezoelectric Speaker\)}{subsection.1.4}% 18
\BOOKMARK [3][-]{subsubsection.1.4.9}{Programmable Interrupt Controller \(Intel 8259}{subsection.1.4}% 19
\BOOKMARK [3][-]{subsubsection.1.4.10}{Timer \(Intel 8284\)}{subsection.1.4}% 20
\BOOKMARK [3][-]{subsubsection.1.4.11}{Bus Controller \(Intel 8288\)}{subsection.1.4}% 21
\BOOKMARK [3][-]{subsubsection.1.4.12}{Motherboard}{subsection.1.4}% 22
\BOOKMARK [1][-]{section.2}{Schedule / Management Decisions}{}% 23
\BOOKMARK [2][-]{subsection.2.1}{Original Schedule Plan}{section.2}% 24
\BOOKMARK [2][-]{subsection.2.2}{Revisions Made to Schedule}{section.2}% 25
\BOOKMARK [3][-]{subsubsection.2.2.1}{CPU \(Intel 8088\)}{subsection.2.2}% 26
\BOOKMARK [3][-]{subsubsection.2.2.2}{Floppy Drive}{subsection.2.2}% 27
\BOOKMARK [3][-]{subsubsection.2.2.3}{Direct Memory Access \(Intel 8237A\)}{subsection.2.2}% 28
\BOOKMARK [2][-]{subsection.2.3}{Revised Schedule Plan}{section.2}% 29
