Running: /afs/ece.cmu.edu/support/xilinx/xilinx.release/14.2/ISE_DS/ISE/bin/lin64/unwrapped/fuse -intstyle ise -incremental -lib unisims_ver -lib unimacro_ver -lib xilinxcorelib_ver -lib secureip -o /afs/ece.cmu.edu/usr/pmbrown/Private/IBM/IBM_PC/components/rom/romcore/test_rds_isim_beh.exe -prj /afs/ece.cmu.edu/usr/pmbrown/Private/IBM/IBM_PC/components/rom/romcore/test_rds_beh.prj work.test_rds work.glbl 
ISim P.28xd (signature 0x54af6ca1)
Number of CPUs detected in this system: 8
Turning on mult-threading, number of parallel sub-compilation jobs: 16 
Determining compilation order of HDL files
Analyzing Verilog file "/afs/ece.cmu.edu/usr/pmbrown/Private/IBM/IBM_PC/components/rom/romcore/ipcore_dir/romcore_synth.v" into library work
Analyzing Verilog file "/afs/ece.cmu.edu/usr/pmbrown/Private/IBM/IBM_PC/components/rom/romcore/ipcore_dir/romcore.v" into library work
WARNING:HDLCompiler:687 - "/afs/ece.cmu.edu/usr/pmbrown/Private/IBM/IBM_PC/components/rom/romcore/ipcore_dir/romcore.v" Line 39: Illegal redeclaration of module <romcore>.
Analyzing Verilog file "/afs/ece.cmu.edu/usr/pmbrown/Private/IBM/IBM_PC/components/rom/romcore/../rds.v" into library work
Analyzing Verilog file "/afs/ece.cmu.edu/usr/pmbrown/Private/IBM/IBM_PC/components/rom/romcore/../test_rds.v" into library work
Analyzing Verilog file "/afs/ece.cmu.edu/support/xilinx/xilinx.release/14.2/ISE_DS/ISE//verilog/src/glbl.v" into library work
Starting static elaboration
Completed static elaboration
Fuse Memory Usage: 95436 KB
Fuse CPU Usage: 810 ms
Compiling module BLK_MEM_GEN_V7_2_output_stage(C_...
Compiling module BLK_MEM_GEN_V7_2_softecc_output_...
Compiling module BLK_MEM_GEN_V7_2_mem_module(C_CO...
Compiling module BLK_MEM_GEN_V7_2(C_FAMILY="virte...
Compiling module romcore
Compiling module rom
Compiling module test_rds
Compiling module glbl
Time Resolution for simulation is 1ps.
Waiting for 1 sub-compilation(s) to finish...
Compiled 8 Verilog Units
Built simulation executable /afs/ece.cmu.edu/usr/pmbrown/Private/IBM/IBM_PC/components/rom/romcore/test_rds_isim_beh.exe
Fuse Memory Usage: 132072 KB
Fuse CPU Usage: 880 ms
GCC CPU Usage: 1000 ms
