
Chronologic VCS simulator copyright 1991-2012
Contains Synopsys proprietary information.
Compiler version F-2011.12-SP1; Runtime version F-2011.12-SP1;  Oct 22 10:32 2014
VCD+ Writer F-2011.12-SP1 Copyright (c) 1991-2012 by Synopsys Inc.
The file '/afs/ece.cmu.edu/usr/agrahame/Private/18545/IBM_PC/zet/cores/zet/sim/inter.vpd' was opened successfully.
           V C S   S i m u l a t i o n   R e p o r t 
Time: 00 ps
CPU Time:      0.060 seconds;       Data structure size:   0.0Mb
Wed Oct 22 10:32:38 2014
Chronologic VCS simulator copyright 1991-2012
Contains Synopsys proprietary information.
Compiler version F-2011.12-SP1; Runtime version F-2011.12-SP1;  Oct 22 10:32 2014
VCD+ Writer F-2011.12-SP1 Copyright (c) 1991-2012 by Synopsys Inc.
The file '/afs/ece.cmu.edu/usr/agrahame/Private/18545/IBM_PC/zet/cores/zet/sim/inter.vpd' was opened successfully.
$finish called from file "test_8088.v", line 77.
$finish at simulation time              1000000
Simulation complete, time is 10000000 ps.
           V C S   S i m u l a t i o n   R e p o r t 
Time: 10000000 ps
CPU Time:      0.080 seconds;       Data structure size:   0.0Mb
Wed Oct 22 10:32:44 2014