# Preference setting overrides
gui_create_pref_key -category {Globals} -key {load_detail_for_funcov} -value_type {bool} -value {false}

# State setting overrides
gui_state_default_create -off -ini
gui_set_state_value -category Layout -key child_console_size_x -value 1261
gui_set_state_value -category Layout -key child_console_size_y -value 137
gui_set_state_value -category Layout -key child_data_size_x -value 105
gui_set_state_value -category Layout -key child_data_size_y -value 466
gui_set_state_value -category Layout -key child_hier_size_x -value 105
gui_set_state_value -category Layout -key child_hier_size_y -value 466
gui_set_state_value -category Layout -key child_source_docknewline -value false
gui_set_state_value -category Layout -key child_source_pos_x -value {-2}
gui_set_state_value -category Layout -key child_source_pos_y -value {-15}
gui_set_state_value -category Layout -key child_source_size_x -value 1054
gui_set_state_value -category Layout -key child_source_size_y -value 461
gui_set_state_value -category Layout -key child_wave_colname -value 264
gui_set_state_value -category Layout -key child_wave_colvalue -value 265
gui_set_state_value -category Layout -key child_wave_docknewline -value false
gui_set_state_value -category Layout -key child_wave_left -value 533
gui_set_state_value -category Layout -key child_wave_pos_x -value {-2}
gui_set_state_value -category Layout -key child_wave_pos_y -value {-15}
gui_set_state_value -category Layout -key child_wave_right -value 1301
gui_set_state_value -category Layout -key child_wave_size_x -value 1844
gui_set_state_value -category Layout -key child_wave_size_y -value 850
gui_set_state_value -category Layout -key main_pos_x -value 614
gui_set_state_value -category Layout -key main_pos_y -value 424
gui_set_state_value -category Layout -key main_size_x -value 1875
gui_set_state_value -category Layout -key main_size_y -value 1160
gui_set_state_value -category Layout -key stand_wave_child_docknewline -value false
gui_set_state_value -category Layout -key stand_wave_child_pos_x -value {-2}
gui_set_state_value -category Layout -key stand_wave_child_pos_y -value {-15}
gui_set_state_value -category Layout -key stand_wave_child_size_x -value 1844
gui_set_state_value -category Layout -key stand_wave_child_size_y -value 987
gui_set_state_value -category Layout -key stand_wave_top_pos_x -value 77
gui_set_state_value -category Layout -key stand_wave_top_pos_y -value 61
gui_set_state_value -category Layout -key stand_wave_top_size_x -value 1916
gui_set_state_value -category Layout -key stand_wave_top_size_y -value 1160
gui_create_state_key -category FindDialog -key m_pMatchCase -value_type bool -value false
gui_create_state_key -category FindDialog -key m_pMatchWord -value_type bool -value false
gui_create_state_key -category FindDialog -key m_pUseCombo -value_type string -value {}
gui_create_state_key -category FindDialog -key m_pWrapAround -value_type bool -value true
gui_state_default_create -off

# Begin command logging
gui_sim_run Ucli -exe ./simv -args {-ucligui  } -dir .
gui_sim_restart
