Running: /afs/ece.cmu.edu/support/xilinx/xilinx.release/14.2/ISE_DS/ISE/bin/lin64/unwrapped/fuse -intstyle ise -incremental -lib unisims_ver -lib unimacro_ver -lib xilinxcorelib_ver -lib secureip -o /afs/ece.cmu.edu/usr/mkaffine/Private/ece545/reposit/IBM_PC/components/fdc/floppyLand/test_fdc_isim_beh.exe -prj /afs/ece.cmu.edu/usr/mkaffine/Private/ece545/reposit/IBM_PC/components/fdc/floppyLand/test_fdc_beh.prj work.test_fdc work.glbl 
ISim P.28xd (signature 0x54af6ca1)
Number of CPUs detected in this system: 8
Turning on mult-threading, number of parallel sub-compilation jobs: 16 
Determining compilation order of HDL files
Analyzing Verilog file "/afs/ece.cmu.edu/usr/mkaffine/Private/ece545/reposit/IBM_PC/components/fdc/floppyLand/../simple_fifo.v" into library work
Analyzing Verilog file "/afs/ece.cmu.edu/usr/mkaffine/Private/ece545/reposit/IBM_PC/components/fdc/floppyLand/../sdcard.v" into library work
Analyzing Verilog file "/afs/ece.cmu.edu/usr/mkaffine/Private/ece545/reposit/IBM_PC/components/fdc/floppyLand/../floppy.v" into library work
Analyzing Verilog file "/afs/ece.cmu.edu/usr/mkaffine/Private/ece545/reposit/IBM_PC/components/fdc/floppyLand/../fdc.v" into library work
Analyzing Verilog file "/afs/ece.cmu.edu/usr/mkaffine/Private/ece545/reposit/IBM_PC/components/fdc/floppyLand/../test_fdc.v" into library work
Analyzing Verilog file "/afs/ece.cmu.edu/support/xilinx/xilinx.release/14.2/ISE_DS/ISE//verilog/src/glbl.v" into library work
Starting static elaboration
Completed static elaboration
Fuse Memory Usage: 94456 KB
Fuse CPU Usage: 800 ms
Compiling module simple_fifo(width=8,widthu=10)
Compiling module floppy
Compiling module fakeramcore
Compiling module sdcard
Compiling module fdc
Compiling module test_fdc
Compiling module glbl
Time Resolution for simulation is 1ps.
Waiting for 1 sub-compilation(s) to finish...
Compiled 7 Verilog Units
Built simulation executable /afs/ece.cmu.edu/usr/mkaffine/Private/ece545/reposit/IBM_PC/components/fdc/floppyLand/test_fdc_isim_beh.exe
Fuse Memory Usage: 140504 KB
Fuse CPU Usage: 970 ms
GCC CPU Usage: 2970 ms
