--------------------------------------------------------------------------------
Release 14.2 Trace  (lin64)
Copyright (c) 1995-2012 Xilinx, Inc.  All rights reserved.

/afs/ece.cmu.edu/support/xilinx/xilinx.release/14.2/ISE_DS/ISE/bin/lin64/unwrapped/trce
-intstyle ise -v 3 -s 1 -n 3 -fastpaths -xml lab3top.twx lab3top.ncd -o
lab3top.twr lab3top.pcf -ucf ucffile.ucf

Design file:              lab3top.ncd
Physical constraint file: lab3top.pcf
Device,package,speed:     xc5vlx110t,ff1136,-1 (PRODUCTION 1.73 2012-07-09, STEPPING level 0)
Report level:             verbose report

Environment Variable      Effect 
--------------------      ------ 
NONE                      No environment variables were set
--------------------------------------------------------------------------------

INFO:Timing:2698 - No timing constraints found, doing default enumeration.
INFO:Timing:3412 - To improve timing, see the Timing Closure User Guide (UG612).
INFO:Timing:2752 - To get complete path coverage, use the unconstrained paths 
   option. All paths that are not constrained will be reported in the 
   unconstrained paths section(s) of the report.
INFO:Timing:3339 - The clock-to-out numbers in this timing report are based on 
   a 50 Ohm transmission line loading model.  For the details of this model, 
   and for more information on accounting for different loading conditions, 
   please see the device datasheet.



Data Sheet report:
-----------------
All values displayed in nanoseconds (ns)

Clock AUDIO_BIT_CLK to Pad
---------------+------------+-------------------+--------+
               | clk (edge) |                   | Clock  |
Destination    |   to PAD   |Internal Clock(s)  | Phase  |
---------------+------------+-------------------+--------+
AUDIO_SDATA_OUT|   10.425(R)|AUDIO_BIT_CLK_BUFGP|   0.000|
AUDIO_SYNC     |   10.383(R)|AUDIO_BIT_CLK_BUFGP|   0.000|
---------------+------------+-------------------+--------+

Clock to Setup on destination clock AUDIO_BIT_CLK
---------------+---------+---------+---------+---------+
               | Src:Rise| Src:Fall| Src:Rise| Src:Fall|
Source Clock   |Dest:Rise|Dest:Rise|Dest:Fall|Dest:Fall|
---------------+---------+---------+---------+---------+
AUDIO_BIT_CLK  |    1.571|         |         |         |
---------------+---------+---------+---------+---------+


Analysis completed Wed Sep 24 17:43:43 2014 
--------------------------------------------------------------------------------

Trace Settings:
-------------------------
Trace Settings 

Peak Memory Usage: 599 MB



