
Chronologic VCS simulator copyright 1991-2012
Contains Synopsys proprietary information.
Compiler version F-2011.12-SP1; Runtime version F-2011.12-SP1;  Nov  2 09:39 2014
VCD+ Writer F-2011.12-SP1 Copyright (c) 1991-2012 by Synopsys Inc.
The file '/afs/ece.cmu.edu/usr/agrahame/Private/18545/IBM_PC/cores/zet/sim/inter.vpd' was opened successfully.
           V C S   S i m u l a t i o n   R e p o r t 
Time: 00 ps
CPU Time:      0.110 seconds;       Data structure size:   0.1Mb
Sun Nov  2 09:39:39 2014
Chronologic VCS simulator copyright 1991-2012
Contains Synopsys proprietary information.
Compiler version F-2011.12-SP1; Runtime version F-2011.12-SP1;  Nov  2 09:39 2014
VCD+ Writer F-2011.12-SP1 Copyright (c) 1991-2012 by Synopsys Inc.
The file '/afs/ece.cmu.edu/usr/agrahame/Private/18545/IBM_PC/cores/zet/sim/inter.vpd' was opened successfully.
$finish called from file "test_8088.v", line 77.
$finish at simulation time              1000000
Simulation complete, time is 10000000 ps.
           V C S   S i m u l a t i o n   R e p o r t 
Time: 10000000 ps
CPU Time:      0.100 seconds;       Data structure size:   0.1Mb
Sun Nov  2 09:39:45 2014